loading app controller.py
loading app ryu.controller.ofp_handler
instantiating app controller.py of SimpleSwitch13
instantiating app ryu.controller.ofp_handler of OFPHandler
packet in 3 fa:c1:14:f6:2b:df 33:33:00:00:00:02 1
packet in 2 fa:c1:14:f6:2b:df 33:33:00:00:00:02 3
packet in 1 fa:c1:14:f6:2b:df 33:33:00:00:00:02 2
packet in 1 fe:4f:7a:b3:bf:ec 33:33:00:00:00:02 2
packet in 2 ce:b1:9c:08:50:cb 33:33:00:00:00:02 1
packet in 1 ce:b1:9c:08:50:cb 33:33:00:00:00:02 2
packet in 3 ce:b1:9c:08:50:cb 33:33:00:00:00:02 2
packet in 1 a6:ed:36:b3:83:ed 33:33:00:00:00:02 1
packet in 2 a6:ed:36:b3:83:ed 33:33:00:00:00:02 2
packet in 3 a6:ed:36:b3:83:ed 33:33:00:00:00:02 2
packet in 2 fe:58:a9:59:60:2e 33:33:00:00:00:fb 3
packet in 1 fe:58:a9:59:60:2e 33:33:00:00:00:fb 2
packet in 1 fe:4f:7a:b3:bf:ec 33:33:00:00:00:fb 2
packet in 2 f6:72:2c:d1:28:80 33:33:00:00:00:fb 2
packet in 3 f6:72:2c:d1:28:80 33:33:00:00:00:fb 2
packet in 3 e6:ae:4d:0a:2c:88 33:33:00:00:00:fb 2
packet in 2 f6:72:2c:d1:28:80 33:33:00:00:00:02 2
packet in 2 fe:58:a9:59:60:2e 33:33:00:00:00:02 3
packet in 1 fe:58:a9:59:60:2e 33:33:00:00:00:02 2
packet in 3 f6:72:2c:d1:28:80 33:33:00:00:00:02 2
loading app controller.py
loading app ryu.controller.ofp_handler
instantiating app controller.py of SimpleSwitch13
instantiating app ryu.controller.ofp_handler of OFPHandler
packet in 3 e6:ae:4d:0a:2c:88 33:33:00:00:00:02 2
packet in 3 fa:c1:14:f6:2b:df 33:33:00:00:00:02 1
packet in 1 fe:4f:7a:b3:bf:ec 33:33:00:00:00:02 2
packet in 2 ce:b1:9c:08:50:cb 33:33:00:00:00:02 1
packet in 2 fa:c1:14:f6:2b:df 33:33:00:00:00:02 3
packet in 3 ce:b1:9c:08:50:cb 33:33:00:00:00:02 2
packet in 1 ce:b1:9c:08:50:cb 33:33:00:00:00:02 2
packet in 1 fa:c1:14:f6:2b:df 33:33:00:00:00:02 2
packet in 2 fe:58:a9:59:60:2e 33:33:00:00:00:fb 3
packet in 1 fe:58:a9:59:60:2e 33:33:00:00:00:fb 2
packet in 1 fe:4f:7a:b3:bf:ec 33:33:00:00:00:fb 2
packet in 2 f6:72:2c:d1:28:80 33:33:00:00:00:fb 2
packet in 3 f6:72:2c:d1:28:80 33:33:00:00:00:fb 2
packet in 3 e6:ae:4d:0a:2c:88 33:33:00:00:00:fb 2
packet in 1 a6:ed:36:b3:83:ed 33:33:00:00:00:02 1
packet in 2 a6:ed:36:b3:83:ed 33:33:00:00:00:02 2
packet in 3 a6:ed:36:b3:83:ed 33:33:00:00:00:02 2
packet in 2 fe:58:a9:59:60:2e 33:33:00:00:00:02 3
packet in 1 fe:58:a9:59:60:2e 33:33:00:00:00:02 2
packet in 2 f6:72:2c:d1:28:80 33:33:00:00:00:02 2
packet in 3 f6:72:2c:d1:28:80 33:33:00:00:00:02 2
loading app controller.py
loading app ryu.controller.ofp_handler
instantiating app controller.py of SimpleSwitch13
instantiating app ryu.controller.ofp_handler of OFPHandler
packet in 3 ee:8e:bd:75:a8:da 33:33:00:00:00:02 2
packet in 2 96:b9:85:bc:92:31 33:33:00:00:00:02 3
packet in 1 96:b9:85:bc:92:31 33:33:00:00:00:02 2
packet in 1 b2:46:62:a2:dc:7e 33:33:00:00:00:fb 2
packet in 3 ee:8e:bd:75:a8:da 33:33:00:00:00:fb 2
packet in 2 ee:6a:a4:af:7a:5a 33:33:00:00:00:fb 2
packet in 3 ee:6a:a4:af:7a:5a 33:33:00:00:00:fb 2
packet in 2 96:b9:85:bc:92:31 33:33:00:00:00:fb 3
packet in 1 96:b9:85:bc:92:31 33:33:00:00:00:fb 2
loading app controller.py
loading app ryu.controller.ofp_handler
instantiating app controller.py of SimpleSwitch13
instantiating app ryu.controller.ofp_handler of OFPHandler
packet in 1 b2:46:62:a2:dc:7e 33:33:00:00:00:02 2
packet in 2 ee:6a:a4:af:7a:5a 33:33:00:00:00:02 2
packet in 3 ee:6a:a4:af:7a:5a 33:33:00:00:00:02 2
loading app controller.py
loading app ryu.controller.ofp_handler
instantiating app controller.py of SimpleSwitch13
instantiating app ryu.controller.ofp_handler of OFPHandler
packet in 1 b2:46:62:a2:dc:7e 33:33:00:00:00:fb 2
packet in 3 ee:8e:bd:75:a8:da 33:33:00:00:00:fb 2
packet in 2 ee:6a:a4:af:7a:5a 33:33:00:00:00:fb 2
packet in 3 ee:6a:a4:af:7a:5a 33:33:00:00:00:fb 2
packet in 2 96:b9:85:bc:92:31 33:33:00:00:00:fb 3
packet in 1 96:b9:85:bc:92:31 33:33:00:00:00:fb 2
packet in 2 c6:c9:4d:68:af:0e 33:33:00:00:00:16 1
packet in 1 c6:c9:4d:68:af:0e 33:33:00:00:00:16 2
packet in 3 c6:c9:4d:68:af:0e 33:33:00:00:00:16 2
packet in 3 6a:ae:ba:69:14:16 33:33:00:00:00:16 1
packet in 2 6a:ae:ba:69:14:16 33:33:00:00:00:16 3
packet in 1 6a:ae:ba:69:14:16 33:33:00:00:00:16 2
loading app controller.py
loading app ryu.controller.ofp_handler
instantiating app controller.py of SimpleSwitch13
instantiating app ryu.controller.ofp_handler of OFPHandler
loading app controller.py
loading app ryu.controller.ofp_handler
instantiating app controller.py of SimpleSwitch13
instantiating app ryu.controller.ofp_handler of OFPHandler
packet in 3 7a:5f:ab:80:7b:ac 33:33:ff:80:7b:ac 2
packet in 2 b6:98:92:14:30:82 33:33:ff:14:30:82 3
packet in 1 b6:98:92:14:30:82 33:33:ff:14:30:82 2
packet in 2 b6:98:92:14:30:82 33:33:00:00:00:16 3
packet in 2 ba:25:50:f3:8f:e0 33:33:ff:f3:8f:e0 2
packet in 1 b6:98:92:14:30:82 33:33:00:00:00:16 2
packet in 3 ba:25:50:f3:8f:e0 33:33:ff:f3:8f:e0 2
packet in 3 7a:5f:ab:80:7b:ac 33:33:00:00:00:16 2
packet in 3 7a:38:68:77:29:b4 33:33:ff:77:29:b4 1
packet in 1 0e:62:94:b7:bc:56 33:33:ff:b7:bc:56 2
packet in 2 7a:38:68:77:29:b4 33:33:ff:77:29:b4 3
packet in 1 7a:38:68:77:29:b4 33:33:ff:77:29:b4 2
packet in 1 a2:bc:6f:3b:92:5a 33:33:00:00:00:16 1
packet in 1 a2:bc:6f:3b:92:5a 33:33:00:00:00:02 1
packet in 2 a2:bc:6f:3b:92:5a 33:33:00:00:00:16 2
packet in 3 a2:bc:6f:3b:92:5a 33:33:00:00:00:16 2
packet in 2 a2:bc:6f:3b:92:5a 33:33:00:00:00:02 2
packet in 3 a2:bc:6f:3b:92:5a 33:33:00:00:00:02 2
packet in 1 a2:bc:6f:3b:92:5a 33:33:00:00:00:16 1
packet in 2 a2:bc:6f:3b:92:5a 33:33:00:00:00:16 2
packet in 3 a2:bc:6f:3b:92:5a 33:33:00:00:00:16 2
packet in 2 2e:e2:11:56:66:e6 33:33:00:00:00:16 1
packet in 2 2e:e2:11:56:66:e6 33:33:00:00:00:02 1
packet in 3 2e:e2:11:56:66:e6 33:33:00:00:00:16 2
packet in 1 2e:e2:11:56:66:e6 33:33:00:00:00:16 2
packet in 3 2e:e2:11:56:66:e6 33:33:00:00:00:02 2
packet in 1 2e:e2:11:56:66:e6 33:33:00:00:00:02 2
packet in 3 7a:5f:ab:80:7b:ac 33:33:00:00:00:16 2
packet in 3 7a:5f:ab:80:7b:ac 33:33:00:00:00:02 2
packet in 3 7a:5f:ab:80:7b:ac 33:33:00:00:00:16 2
packet in 2 b6:98:92:14:30:82 33:33:00:00:00:16 3
packet in 1 b6:98:92:14:30:82 33:33:00:00:00:16 2
packet in 2 b6:98:92:14:30:82 33:33:00:00:00:02 3
packet in 2 b6:98:92:14:30:82 33:33:00:00:00:16 3
packet in 1 b6:98:92:14:30:82 33:33:00:00:00:02 2
packet in 1 b6:98:92:14:30:82 33:33:00:00:00:16 2
packet in 3 7a:5f:ab:80:7b:ac 33:33:00:00:00:fb 2
packet in 3 7a:5f:ab:80:7b:ac 33:33:00:00:00:fb 2
packet in 2 b6:98:92:14:30:82 33:33:00:00:00:fb 3
packet in 2 b6:98:92:14:30:82 33:33:00:00:00:16 3
packet in 1 b6:98:92:14:30:82 33:33:00:00:00:fb 2
packet in 1 b6:98:92:14:30:82 33:33:00:00:00:16 2
packet in 2 b6:98:92:14:30:82 33:33:00:00:00:fb 3
packet in 2 ba:25:50:f3:8f:e0 33:33:00:00:00:16 2
packet in 2 ba:25:50:f3:8f:e0 33:33:00:00:00:02 2
packet in 2 ba:25:50:f3:8f:e0 33:33:00:00:00:16 2
packet in 3 ba:25:50:f3:8f:e0 33:33:00:00:00:16 2
packet in 3 ba:25:50:f3:8f:e0 33:33:00:00:00:02 2
packet in 3 ba:25:50:f3:8f:e0 33:33:00:00:00:16 2
packet in 1 b6:98:92:14:30:82 33:33:00:00:00:fb 2
packet in 2 ba:25:50:f3:8f:e0 33:33:00:00:00:16 2
packet in 3 ba:25:50:f3:8f:e0 33:33:00:00:00:16 2
packet in 2 ba:25:50:f3:8f:e0 33:33:00:00:00:fb 2
packet in 3 ba:25:50:f3:8f:e0 33:33:00:00:00:fb 2
packet in 2 ba:25:50:f3:8f:e0 33:33:00:00:00:fb 2
packet in 3 ba:25:50:f3:8f:e0 33:33:00:00:00:fb 2
packet in 3 7a:5f:ab:80:7b:ac 33:33:00:00:00:fb 2
packet in 1 0e:62:94:b7:bc:56 33:33:00:00:00:16 2
packet in 3 7a:38:68:77:29:b4 33:33:00:00:00:16 1
packet in 1 0e:62:94:b7:bc:56 33:33:00:00:00:02 2
packet in 1 0e:62:94:b7:bc:56 33:33:00:00:00:16 2
packet in 3 7a:38:68:77:29:b4 33:33:00:00:00:02 1
packet in 2 7a:38:68:77:29:b4 33:33:00:00:00:16 3
packet in 2 7a:38:68:77:29:b4 33:33:00:00:00:02 3
packet in 1 7a:38:68:77:29:b4 33:33:00:00:00:16 2
packet in 1 7a:38:68:77:29:b4 33:33:00:00:00:02 2
packet in 2 b6:98:92:14:30:82 33:33:00:00:00:fb 3
packet in 1 b6:98:92:14:30:82 33:33:00:00:00:fb 2
packet in 1 0e:62:94:b7:bc:56 33:33:00:00:00:fb 2
packet in 1 0e:62:94:b7:bc:56 33:33:00:00:00:fb 2
packet in 2 ba:25:50:f3:8f:e0 33:33:00:00:00:fb 2
packet in 3 ba:25:50:f3:8f:e0 33:33:00:00:00:fb 2
packet in 2 2e:e2:11:56:66:e6 33:33:00:00:00:16 1
packet in 3 2e:e2:11:56:66:e6 33:33:00:00:00:16 2
packet in 1 2e:e2:11:56:66:e6 33:33:00:00:00:16 2
packet in 3 7a:5f:ab:80:7b:ac 33:33:00:00:00:fb 2
packet in 2 b6:98:92:14:30:82 33:33:00:00:00:fb 3
packet in 1 b6:98:92:14:30:82 33:33:00:00:00:fb 2
packet in 1 0e:62:94:b7:bc:56 33:33:00:00:00:fb 2
packet in 3 7a:5f:ab:80:7b:ac 33:33:00:00:00:16 2
packet in 2 ba:25:50:f3:8f:e0 33:33:00:00:00:fb 2
packet in 3 ba:25:50:f3:8f:e0 33:33:00:00:00:fb 2
packet in 3 7a:5f:ab:80:7b:ac 33:33:00:00:00:fb 2
packet in 2 b6:98:92:14:30:82 33:33:00:00:00:16 3
packet in 1 b6:98:92:14:30:82 33:33:00:00:00:16 2
packet in 2 b6:98:92:14:30:82 33:33:00:00:00:fb 3
packet in 1 b6:98:92:14:30:82 33:33:00:00:00:fb 2
packet in 1 0e:62:94:b7:bc:56 33:33:00:00:00:16 2
packet in 3 7a:38:68:77:29:b4 33:33:00:00:00:16 1
packet in 3 7a:5f:ab:80:7b:ac 33:33:00:00:00:16 2
packet in 2 ba:25:50:f3:8f:e0 33:33:00:00:00:16 2
packet in 2 7a:38:68:77:29:b4 33:33:00:00:00:16 3
packet in 3 ba:25:50:f3:8f:e0 33:33:00:00:00:16 2
packet in 1 7a:38:68:77:29:b4 33:33:00:00:00:16 2
packet in 1 0e:62:94:b7:bc:56 33:33:00:00:00:fb 2
packet in 2 ba:25:50:f3:8f:e0 33:33:00:00:00:fb 2
packet in 3 ba:25:50:f3:8f:e0 33:33:00:00:00:fb 2
packet in 3 7a:5f:ab:80:7b:ac 33:33:00:00:00:fb 2
packet in 2 b6:98:92:14:30:82 33:33:00:00:00:fb 3
packet in 1 b6:98:92:14:30:82 33:33:00:00:00:fb 2
packet in 1 0e:62:94:b7:bc:56 33:33:00:00:00:fb 2
packet in 1 0e:62:94:b7:bc:56 33:33:00:00:00:16 2
packet in 2 ba:25:50:f3:8f:e0 33:33:00:00:00:fb 2
packet in 3 ba:25:50:f3:8f:e0 33:33:00:00:00:fb 2
packet in 1 0e:62:94:b7:bc:56 33:33:00:00:00:fb 2
packet in 3 7a:5f:ab:80:7b:ac 33:33:00:00:00:fb 2
packet in 2 b6:98:92:14:30:82 33:33:00:00:00:fb 3
packet in 1 b6:98:92:14:30:82 33:33:00:00:00:fb 2
packet in 2 ba:25:50:f3:8f:e0 33:33:00:00:00:fb 2
packet in 3 ba:25:50:f3:8f:e0 33:33:00:00:00:fb 2
packet in 1 0e:62:94:b7:bc:56 33:33:00:00:00:fb 2
packet in 3 7a:5f:ab:80:7b:ac 33:33:00:00:00:fb 2
packet in 2 b6:98:92:14:30:82 33:33:00:00:00:fb 3
packet in 1 b6:98:92:14:30:82 33:33:00:00:00:fb 2
packet in 1 a2:bc:6f:3b:92:5a 33:33:00:00:00:02 1
packet in 2 a2:bc:6f:3b:92:5a 33:33:00:00:00:02 2
packet in 3 a2:bc:6f:3b:92:5a 33:33:00:00:00:02 2
packet in 2 ba:25:50:f3:8f:e0 33:33:00:00:00:fb 2
packet in 3 ba:25:50:f3:8f:e0 33:33:00:00:00:fb 2
packet in 1 0e:62:94:b7:bc:56 33:33:00:00:00:fb 2
packet in 3 7a:5f:ab:80:7b:ac 33:33:00:00:00:02 2
packet in 2 b6:98:92:14:30:82 33:33:00:00:00:02 3
packet in 1 b6:98:92:14:30:82 33:33:00:00:00:02 2
packet in 2 ba:25:50:f3:8f:e0 33:33:00:00:00:02 2
packet in 3 7a:5f:ab:80:7b:ac 33:33:00:00:00:fb 2
packet in 3 ba:25:50:f3:8f:e0 33:33:00:00:00:02 2
packet in 2 b6:98:92:14:30:82 33:33:00:00:00:fb 3
packet in 1 b6:98:92:14:30:82 33:33:00:00:00:fb 2
packet in 2 ba:25:50:f3:8f:e0 33:33:00:00:00:fb 2
packet in 3 ba:25:50:f3:8f:e0 33:33:00:00:00:fb 2
packet in 1 0e:62:94:b7:bc:56 33:33:00:00:00:fb 2
packet in 2 2e:e2:11:56:66:e6 33:33:00:00:00:02 1
packet in 1 0e:62:94:b7:bc:56 33:33:00:00:00:02 2
packet in 3 7a:38:68:77:29:b4 33:33:00:00:00:02 1
packet in 2 7a:38:68:77:29:b4 33:33:00:00:00:02 3
packet in 1 2e:e2:11:56:66:e6 33:33:00:00:00:02 2
packet in 3 2e:e2:11:56:66:e6 33:33:00:00:00:02 2
packet in 1 7a:38:68:77:29:b4 33:33:00:00:00:02 2
packet in 1 a2:bc:6f:3b:92:5a ff:ff:ff:ff:ff:ff 1
packet in 2 a2:bc:6f:3b:92:5a ff:ff:ff:ff:ff:ff 2
packet in 2 2e:e2:11:56:66:e6 a2:bc:6f:3b:92:5a 1
packet in 3 a2:bc:6f:3b:92:5a ff:ff:ff:ff:ff:ff 2
packet in 1 2e:e2:11:56:66:e6 a2:bc:6f:3b:92:5a 2
packet in 1 a2:bc:6f:3b:92:5a 2e:e2:11:56:66:e6 1
packet in 2 a2:bc:6f:3b:92:5a 2e:e2:11:56:66:e6 2
packet in 3 7a:5f:ab:80:7b:ac 33:33:00:00:00:fb 2
packet in 2 b6:98:92:14:30:82 33:33:00:00:00:fb 3
packet in 1 b6:98:92:14:30:82 33:33:00:00:00:fb 2
packet in 2 ba:25:50:f3:8f:e0 33:33:00:00:00:fb 2
packet in 3 ba:25:50:f3:8f:e0 33:33:00:00:00:fb 2
packet in 1 0e:62:94:b7:bc:56 33:33:00:00:00:fb 2
packet in 1 a2:bc:6f:3b:92:5a 33:33:00:00:00:02 1
packet in 2 a2:bc:6f:3b:92:5a 33:33:00:00:00:02 2
packet in 3 a2:bc:6f:3b:92:5a 33:33:00:00:00:02 2
packet in 2 b6:98:92:14:30:82 33:33:00:00:00:02 3
packet in 2 ba:25:50:f3:8f:e0 33:33:00:00:00:02 2
packet in 3 ba:25:50:f3:8f:e0 33:33:00:00:00:02 2
packet in 1 b6:98:92:14:30:82 33:33:00:00:00:02 2
packet in 3 7a:5f:ab:80:7b:ac 33:33:00:00:00:02 2
packet in 2 2e:e2:11:56:66:e6 33:33:00:00:00:02 1
packet in 3 2e:e2:11:56:66:e6 33:33:00:00:00:02 2
packet in 1 2e:e2:11:56:66:e6 33:33:00:00:00:02 2
packet in 3 7a:38:68:77:29:b4 33:33:00:00:00:02 1
packet in 1 0e:62:94:b7:bc:56 33:33:00:00:00:02 2
packet in 2 7a:38:68:77:29:b4 33:33:00:00:00:02 3
packet in 1 7a:38:68:77:29:b4 33:33:00:00:00:02 2
packet in 3 7a:5f:ab:80:7b:ac 33:33:00:00:00:fb 2
packet in 2 b6:98:92:14:30:82 33:33:00:00:00:fb 3
packet in 1 b6:98:92:14:30:82 33:33:00:00:00:fb 2
packet in 2 ba:25:50:f3:8f:e0 33:33:00:00:00:fb 2
packet in 3 ba:25:50:f3:8f:e0 33:33:00:00:00:fb 2
packet in 1 0e:62:94:b7:bc:56 33:33:00:00:00:fb 2
packet in 2 b6:98:92:14:30:82 33:33:00:00:00:02 3
packet in 1 b6:98:92:14:30:82 33:33:00:00:00:02 2
packet in 2 ba:25:50:f3:8f:e0 33:33:00:00:00:02 2
packet in 1 a2:bc:6f:3b:92:5a 33:33:00:00:00:02 1
packet in 3 ba:25:50:f3:8f:e0 33:33:00:00:00:02 2
packet in 2 a2:bc:6f:3b:92:5a 33:33:00:00:00:02 2
packet in 3 a2:bc:6f:3b:92:5a 33:33:00:00:00:02 2
packet in 2 2e:e2:11:56:66:e6 33:33:00:00:00:02 1
packet in 3 2e:e2:11:56:66:e6 33:33:00:00:00:02 2
packet in 1 2e:e2:11:56:66:e6 33:33:00:00:00:02 2
packet in 3 7a:5f:ab:80:7b:ac 33:33:00:00:00:02 2
packet in 3 7a:38:68:77:29:b4 33:33:00:00:00:02 1
packet in 2 7a:38:68:77:29:b4 33:33:00:00:00:02 3
packet in 1 7a:38:68:77:29:b4 33:33:00:00:00:02 2
packet in 1 0e:62:94:b7:bc:56 33:33:00:00:00:02 2
packet in 3 7a:5f:ab:80:7b:ac 33:33:00:00:00:fb 2
packet in 2 b6:98:92:14:30:82 33:33:00:00:00:fb 3
packet in 1 b6:98:92:14:30:82 33:33:00:00:00:fb 2
packet in 2 ba:25:50:f3:8f:e0 33:33:00:00:00:fb 2
packet in 3 ba:25:50:f3:8f:e0 33:33:00:00:00:fb 2
packet in 1 0e:62:94:b7:bc:56 33:33:00:00:00:fb 2
packet in 2 2e:e2:11:56:66:e6 33:33:00:00:00:02 1
packet in 1 2e:e2:11:56:66:e6 33:33:00:00:00:02 2
packet in 3 2e:e2:11:56:66:e6 33:33:00:00:00:02 2
packet in 2 b6:98:92:14:30:82 33:33:00:00:00:02 3
packet in 1 b6:98:92:14:30:82 33:33:00:00:00:02 2
packet in 1 a2:bc:6f:3b:92:5a 33:33:00:00:00:02 1
packet in 2 ba:25:50:f3:8f:e0 33:33:00:00:00:02 2
packet in 2 a2:bc:6f:3b:92:5a 33:33:00:00:00:02 2
packet in 3 ba:25:50:f3:8f:e0 33:33:00:00:00:02 2
packet in 3 a2:bc:6f:3b:92:5a 33:33:00:00:00:02 2
packet in 3 7a:5f:ab:80:7b:ac 33:33:00:00:00:02 2
packet in 3 7a:5f:ab:80:7b:ac 33:33:00:00:00:fb 2
packet in 2 b6:98:92:14:30:82 33:33:00:00:00:fb 3
packet in 1 b6:98:92:14:30:82 33:33:00:00:00:fb 2
packet in 2 ba:25:50:f3:8f:e0 33:33:00:00:00:fb 2
packet in 3 ba:25:50:f3:8f:e0 33:33:00:00:00:fb 2
packet in 1 0e:62:94:b7:bc:56 33:33:00:00:00:fb 2
packet in 1 0e:62:94:b7:bc:56 33:33:00:00:00:02 2
packet in 3 7a:38:68:77:29:b4 33:33:00:00:00:02 1
packet in 2 7a:38:68:77:29:b4 33:33:00:00:00:02 3
packet in 1 7a:38:68:77:29:b4 33:33:00:00:00:02 2
packet in 2 b6:98:92:14:30:82 33:33:00:00:00:02 3
packet in 2 2e:e2:11:56:66:e6 33:33:00:00:00:02 1
packet in 3 2e:e2:11:56:66:e6 33:33:00:00:00:02 2
packet in 1 b6:98:92:14:30:82 33:33:00:00:00:02 2
packet in 1 2e:e2:11:56:66:e6 33:33:00:00:00:02 2
packet in 3 7a:5f:ab:80:7b:ac 33:33:00:00:00:02 2
packet in 1 a2:bc:6f:3b:92:5a 33:33:00:00:00:02 1
packet in 3 7a:5f:ab:80:7b:ac 33:33:00:00:00:fb 2
packet in 2 b6:98:92:14:30:82 33:33:00:00:00:fb 3
packet in 3 7a:38:68:77:29:b4 33:33:00:00:00:02 1
packet in 2 7a:38:68:77:29:b4 33:33:00:00:00:02 3
packet in 1 a2:bc:6f:3b:92:5a ff:ff:ff:ff:ff:ff 1
packet in 1 a2:bc:6f:3b:92:5a ff:ff:ff:ff:ff:ff 1
packet in 1 a2:bc:6f:3b:92:5a ff:ff:ff:ff:ff:ff 1
packet in 1 a2:bc:6f:3b:92:5a ff:ff:ff:ff:ff:ff 1
packet in 1 a2:bc:6f:3b:92:5a ff:ff:ff:ff:ff:ff 1
packet in 1 a2:bc:6f:3b:92:5a ff:ff:ff:ff:ff:ff 1
packet in 1 a2:bc:6f:3b:92:5a ff:ff:ff:ff:ff:ff 1
packet in 1 a2:bc:6f:3b:92:5a ff:ff:ff:ff:ff:ff 1
packet in 1 a2:bc:6f:3b:92:5a ff:ff:ff:ff:ff:ff 1
packet in 1 a2:bc:6f:3b:92:5a ff:ff:ff:ff:ff:ff 1
packet in 1 a2:bc:6f:3b:92:5a ff:ff:ff:ff:ff:ff 1
packet in 1 a2:bc:6f:3b:92:5a ff:ff:ff:ff:ff:ff 1
packet in 1 a2:bc:6f:3b:92:5a ff:ff:ff:ff:ff:ff 1
packet in 1 a2:bc:6f:3b:92:5a ff:ff:ff:ff:ff:ff 1
packet in 1 a2:bc:6f:3b:92:5a ff:ff:ff:ff:ff:ff 1
packet in 1 a2:bc:6f:3b:92:5a ff:ff:ff:ff:ff:ff 1
packet in 1 a2:bc:6f:3b:92:5a ff:ff:ff:ff:ff:ff 1
packet in 1 a2:bc:6f:3b:92:5a ff:ff:ff:ff:ff:ff 1
packet in 1 a2:bc:6f:3b:92:5a ff:ff:ff:ff:ff:ff 1
packet in 1 a2:bc:6f:3b:92:5a ff:ff:ff:ff:ff:ff 1
packet in 1 a2:bc:6f:3b:92:5a ff:ff:ff:ff:ff:ff 1
packet in 1 a2:bc:6f:3b:92:5a ff:ff:ff:ff:ff:ff 1
packet in 1 a2:bc:6f:3b:92:5a ff:ff:ff:ff:ff:ff 1
packet in 1 a2:bc:6f:3b:92:5a ff:ff:ff:ff:ff:ff 1
packet in 1 a2:bc:6f:3b:92:5a ff:ff:ff:ff:ff:ff 1
packet in 1 a2:bc:6f:3b:92:5a ff:ff:ff:ff:ff:ff 1
packet in 1 a2:bc:6f:3b:92:5a ff:ff:ff:ff:ff:ff 1
packet in 1 a2:bc:6f:3b:92:5a ff:ff:ff:ff:ff:ff 1
packet in 1 a2:bc:6f:3b:92:5a ff:ff:ff:ff:ff:ff 1
packet in 1 a2:bc:6f:3b:92:5a ff:ff:ff:ff:ff:ff 1
packet in 1 a2:bc:6f:3b:92:5a ff:ff:ff:ff:ff:ff 1
packet in 1 a2:bc:6f:3b:92:5a ff:ff:ff:ff:ff:ff 1
packet in 1 a2:bc:6f:3b:92:5a ff:ff:ff:ff:ff:ff 1
packet in 2 2e:e2:11:56:66:e6 33:33:00:00:00:02 1
packet in 3 2e:e2:11:56:66:e6 33:33:00:00:00:02 2
packet in 3 7a:5f:ab:80:7b:ac 33:33:00:00:00:02 2
packet in 2 b6:98:92:14:30:82 33:33:00:00:00:02 3
packet in 3 7a:5f:ab:80:7b:ac 33:33:00:00:00:fb 2
packet in 2 b6:98:92:14:30:82 33:33:00:00:00:fb 3
packet in 3 7a:38:68:77:29:b4 33:33:00:00:00:02 1
packet in 1 a2:bc:6f:3b:92:5a 33:33:00:00:00:02 1
packet in 2 7a:38:68:77:29:b4 33:33:00:00:00:02 3
